2025-03-08 23:09:48,898 - Default - MainProcess - 82237 - M3 Script execution starts
2025-03-08 23:10:04,462 - Default - MainProcess - 82237 - Count0:
codedata:
Program begin.
Program End.
Elapsed_time: 4.604
----------------------

2025-03-08 23:10:05,086 - Default - MainProcess - 82237 - M3 Script execution completed
2025-03-08 23:10:31,581 - Default - MainProcess - 82675 - M3 Script execution starts
2025-03-08 23:10:43,504 - Default - MainProcess - 82675 - Count0:
codedata:
Program begin.
Program End.
Elapsed_time: 3.265
----------------------

2025-03-08 23:10:44,035 - Default - MainProcess - 82675 - M3 Script execution completed
2025-03-08 23:11:20,261 - Default - MainProcess - 83111 - M3 Script execution starts
2025-03-08 23:11:32,289 - Default - MainProcess - 83111 - Count0:
codeerr:
Traceback (most recent call last):
  File "\\mac\Home\Downloads\codedemo\sample.py", line 273, in <module>
    main()
  File "\\mac\Home\Downloads\codedemo\sample.py", line 214, in main
    posCommand.profile.type = ProfileType.Parab
                              ^^^^^^^^^^^^^^^^^
AttributeError: type object 'ProfileType' has no attribute 'Parab'
!!!
----------------------

2025-03-08 23:11:47,918 - Default - MainProcess - 83111 - Count1:
codedata:
Program begin.
SetLogOption error code is 69641: [0x00011009] : LogApi Error: Currently collecting log data.
Program End.
Elapsed_time: 2.958
----------------------

2025-03-08 23:11:48,440 - Default - MainProcess - 83111 - M3 Script execution completed
2025-03-08 23:13:42,951 - Default - MainProcess - 84218 - M3 Script execution starts
2025-03-08 23:14:03,890 - Default - MainProcess - 84218 - Count0:
codeerr:
Traceback (most recent call last):
  File "\\mac\Home\Downloads\codedemo\sample.py", line 271, in <module>
    main()
  File "\\mac\Home\Downloads\codedemo\sample.py", line 212, in main
    posCommand.profile.type = ProfileType.Parabol
                              ^^^^^^^^^^^^^^^^^^^
AttributeError: type object 'ProfileType' has no attribute 'Parabol'. Did you mean: 'Parabolic'?
!!!
----------------------

2025-03-08 23:14:20,226 - Default - MainProcess - 84218 - Count1:
codedata:
Program begin.
SetLogOption error code is 69641: [0x00011009] : LogApi Error: Currently collecting log data.
Program End.
Elapsed_time: 2.914
----------------------

2025-03-08 23:14:20,746 - Default - MainProcess - 84218 - M3 Script execution completed
2025-03-08 23:15:10,787 - Default - MainProcess - 84897 - M3 Script execution starts
2025-03-08 23:15:24,002 - Default - MainProcess - 84897 - Count0:
codedata:
Program begin.
Program End.
Elapsed_time: 3.335
----------------------

2025-03-08 23:15:24,542 - Default - MainProcess - 84897 - M3 Script execution completed
2025-03-08 23:49:47,110 - Default - MainProcess - 698 - M3 Script execution starts
2025-03-08 23:50:00,919 - Default - MainProcess - 698 - Count0:
codedata:
Program begin.
Program End.
Elapsed_time: 3.272
----------------------

2025-03-08 23:50:01,460 - Default - MainProcess - 698 - M3 Script execution completed
2025-03-08 23:51:08,643 - Default - MainProcess - 1357 - M3 Script execution starts
2025-03-08 23:51:34,302 - Default - MainProcess - 1357 - Count0:
codedata:
Program begin.
StartPos error code is 65582: [0x0001002e] : CoreMotionApi Error: One or more acceleration arguments out of range.
Elapsed_time: 3.025
----------------------

2025-03-08 23:51:34,411 - Default - MainProcess - 1357 - M3 Script execution completed
2025-03-08 23:52:47,791 - Default - MainProcess - 2196 - M3 Script execution starts
2025-03-08 23:53:06,636 - Default - MainProcess - 2196 - Count0:
codedata:
Program begin.
SetLogOption error code is 69641: [0x00011009] : LogApi Error: Currently collecting log data.
Program End.
Elapsed_time: 3.091
----------------------

2025-03-08 23:53:07,207 - Default - MainProcess - 2196 - M3 Script execution completed
2025-03-08 23:58:41,407 - Default - MainProcess - 4905 - M3 Script execution starts
2025-03-08 23:58:53,547 - Default - MainProcess - 4905 - Count0:
codedata:
Program begin.
Program End.
Elapsed_time: 3.300
----------------------

2025-03-08 23:58:54,067 - Default - MainProcess - 4905 - M3 Script execution completed
2025-03-08 23:59:29,591 - Default - MainProcess - 5331 - M3 Script execution starts
