2025-03-07 23:34:28,123 - Default - MainProcess - 13563 - M3 Script execution starts
2025-03-07 23:34:38,573 - Default - MainProcess - 13563 - Count0:
codeerr:
Traceback (most recent call last):
  File "\\mac\Home\Downloads\codedemo\sample.py", line 269, in <module>
    main()
  File "\\mac\Home\Downloads\codedemo\sample.py", line 212, in main
    posCommand.profile.type = ProfileType.S  # Assuming 'S' refers to a specific profile type
                              ^^^^^^^^^^^^^
AttributeError: type object 'ProfileType' has no attribute 'S'
!!!
----------------------

2025-03-07 23:34:49,823 - Default - MainProcess - 13563 - Count1:
codedata:
Program begin.
SetLogOption error code is 69641: [0x00011009] : LogApi Error: Currently collecting log data.
Program End.
Elapsed_time: 2.987
----------------------

2025-03-07 23:34:50,336 - Default - MainProcess - 13563 - M3 Script execution completed






2025-03-07 23:38:34,191 - Default - MainProcess - 15463 - M3 Script execution starts
2025-03-07 23:38:50,045 - Default - MainProcess - 15463 - Count0:
codeerr:
Traceback (most recent call last):
  File "\\mac\Home\Downloads\codedemo\sample.py", line 269, in <module>
    main()
  File "\\mac\Home\Downloads\codedemo\sample.py", line 212, in main
    posCommand.profile.type = ProfileType.S
                              ^^^^^^^^^^^^^
AttributeError: type object 'ProfileType' has no attribute 'S'
!!!
----------------------

2025-03-07 23:39:26,953 - Default - MainProcess - 15463 - Count1:
codedata:
Program begin.
SetLogOption error code is 69641: [0x00011009] : LogApi Error: Currently collecting log data.
Program End.
Elapsed_time: 15.896
----------------------

2025-03-07 23:39:27,485 - Default - MainProcess - 15463 - M3 Script execution completed
